<?xml version="1.0" encoding="UTF-8"?>
<!-- Generated by org.testng.reporters.JUnitReportReporter -->
<testsuite hostname="DESKTOP-4C82MMO" name="com.country.api.test.CountryAPIGetTest_NG" tests="1" failures="0" timestamp="12 May 2020 23:04:47 GMT" time="5.305" errors="0">
  <testcase name="testWithCorrectInput" time="5.305" classname="com.country.api.test.CountryAPIGetTest_NG"/>
</testsuite> <!-- com.country.api.test.CountryAPIGetTest_NG -->
